[2025-03-07 07:58:40] production.ERROR: include(D:\XAMPP\htdocs\acute\vendor\composer/../../themes/BC/ThemeProvider.php): Failed to open stream: No such file or directory {"exception":"[object] (ErrorException(code: 0): include(D:\\XAMPP\\htdocs\\acute\\vendor\\composer/../../themes/BC/ThemeProvider.php): Failed to open stream: No such file or directory at D:\\XAMPP\\htdocs\\acute\\vendor\\composer\\ClassLoader.php:576)
[stacktrace]
#0 D:\\XAMPP\\htdocs\\acute\\vendor\\laravel\\framework\\src\\Illuminate\\Foundation\\Bootstrap\\HandleExceptions.php(255): Illuminate\\Foundation\\Bootstrap\\HandleExceptions->handleError(2, 'include(D:\\\\XAMP...', 'D:\\\\XAMPP\\\\htdocs...', 576)
#1 D:\\XAMPP\\htdocs\\acute\\vendor\\composer\\ClassLoader.php(576): Illuminate\\Foundation\\Bootstrap\\HandleExceptions->Illuminate\\Foundation\\Bootstrap\\{closure}(2, 'include(D:\\\\XAMP...', 'D:\\\\XAMPP\\\\htdocs...', 576)
#2 D:\\XAMPP\\htdocs\\acute\\vendor\\composer\\ClassLoader.php(576): include('D:\\\\XAMPP\\\\htdocs...')
#3 D:\\XAMPP\\htdocs\\acute\\vendor\\composer\\ClassLoader.php(427): Composer\\Autoload\\{closure}('D:\\\\XAMPP\\\\htdocs...')
#4 [internal function]: Composer\\Autoload\\ClassLoader->loadClass('Themes\\\\BC\\\\Theme...')
#5 D:\\XAMPP\\htdocs\\acute\\themes\\ThemeServiceProvider.php(78): class_exists('\\\\Themes\\\\BC\\\\Them...')
#6 D:\\XAMPP\\htdocs\\acute\\vendor\\laravel\\framework\\src\\Illuminate\\Foundation\\Application.php(792): Themes\\ThemeServiceProvider->register()
#7 D:\\XAMPP\\htdocs\\acute\\vendor\\laravel\\framework\\src\\Illuminate\\Foundation\\ProviderRepository.php(75): Illuminate\\Foundation\\Application->register(Object(Themes\\ThemeServiceProvider))
#8 D:\\XAMPP\\htdocs\\acute\\vendor\\laravel\\framework\\src\\Illuminate\\Foundation\\Application.php(769): Illuminate\\Foundation\\ProviderRepository->load(Array)
#9 D:\\XAMPP\\htdocs\\acute\\vendor\\laravel\\framework\\src\\Illuminate\\Foundation\\Bootstrap\\RegisterProviders.php(17): Illuminate\\Foundation\\Application->registerConfiguredProviders()
#10 D:\\XAMPP\\htdocs\\acute\\vendor\\laravel\\framework\\src\\Illuminate\\Foundation\\Application.php(263): Illuminate\\Foundation\\Bootstrap\\RegisterProviders->bootstrap(Object(Illuminate\\Foundation\\Application))
#11 D:\\XAMPP\\htdocs\\acute\\vendor\\laravel\\framework\\src\\Illuminate\\Foundation\\Console\\Kernel.php(447): Illuminate\\Foundation\\Application->bootstrapWith(Array)
#12 D:\\XAMPP\\htdocs\\acute\\vendor\\laravel\\framework\\src\\Illuminate\\Foundation\\Console\\Kernel.php(199): Illuminate\\Foundation\\Console\\Kernel->bootstrap()
#13 Command line code(1): Illuminate\\Foundation\\Console\\Kernel->handle(Object(Symfony\\Component\\Console\\Input\\ArgvInput), Object(Symfony\\Component\\Console\\Output\\ConsoleOutput))
#14 {main}
"} 
[2025-03-07 07:58:40] production.ERROR: include(D:\XAMPP\htdocs\acute\vendor\composer/../../themes/BC/ThemeProvider.php): Failed to open stream: No such file or directory {"exception":"[object] (ErrorException(code: 0): include(D:\\XAMPP\\htdocs\\acute\\vendor\\composer/../../themes/BC/ThemeProvider.php): Failed to open stream: No such file or directory at D:\\XAMPP\\htdocs\\acute\\vendor\\composer\\ClassLoader.php:576)
[stacktrace]
#0 D:\\XAMPP\\htdocs\\acute\\vendor\\laravel\\framework\\src\\Illuminate\\Foundation\\Bootstrap\\HandleExceptions.php(255): Illuminate\\Foundation\\Bootstrap\\HandleExceptions->handleError(2, 'include(D:\\\\XAMP...', 'D:\\\\XAMPP\\\\htdocs...', 576)
#1 D:\\XAMPP\\htdocs\\acute\\vendor\\composer\\ClassLoader.php(576): Illuminate\\Foundation\\Bootstrap\\HandleExceptions->Illuminate\\Foundation\\Bootstrap\\{closure}(2, 'include(D:\\\\XAMP...', 'D:\\\\XAMPP\\\\htdocs...', 576)
#2 D:\\XAMPP\\htdocs\\acute\\vendor\\composer\\ClassLoader.php(576): include('D:\\\\XAMPP\\\\htdocs...')
#3 D:\\XAMPP\\htdocs\\acute\\vendor\\composer\\ClassLoader.php(427): Composer\\Autoload\\{closure}('D:\\\\XAMPP\\\\htdocs...')
#4 [internal function]: Composer\\Autoload\\ClassLoader->loadClass('Themes\\\\BC\\\\Theme...')
#5 D:\\XAMPP\\htdocs\\acute\\themes\\ThemeServiceProvider.php(78): class_exists('\\\\Themes\\\\BC\\\\Them...')
#6 D:\\XAMPP\\htdocs\\acute\\vendor\\laravel\\framework\\src\\Illuminate\\Foundation\\Application.php(792): Themes\\ThemeServiceProvider->register()
#7 D:\\XAMPP\\htdocs\\acute\\vendor\\laravel\\framework\\src\\Illuminate\\Foundation\\ProviderRepository.php(75): Illuminate\\Foundation\\Application->register(Object(Themes\\ThemeServiceProvider))
#8 D:\\XAMPP\\htdocs\\acute\\vendor\\laravel\\framework\\src\\Illuminate\\Foundation\\Application.php(769): Illuminate\\Foundation\\ProviderRepository->load(Array)
#9 D:\\XAMPP\\htdocs\\acute\\vendor\\laravel\\framework\\src\\Illuminate\\Foundation\\Bootstrap\\RegisterProviders.php(17): Illuminate\\Foundation\\Application->registerConfiguredProviders()
#10 D:\\XAMPP\\htdocs\\acute\\vendor\\laravel\\framework\\src\\Illuminate\\Foundation\\Application.php(263): Illuminate\\Foundation\\Bootstrap\\RegisterProviders->bootstrap(Object(Illuminate\\Foundation\\Application))
#11 D:\\XAMPP\\htdocs\\acute\\vendor\\laravel\\framework\\src\\Illuminate\\Foundation\\Console\\Kernel.php(447): Illuminate\\Foundation\\Application->bootstrapWith(Array)
#12 D:\\XAMPP\\htdocs\\acute\\vendor\\laravel\\framework\\src\\Illuminate\\Foundation\\Console\\Kernel.php(199): Illuminate\\Foundation\\Console\\Kernel->bootstrap()
#13 Command line code(1): Illuminate\\Foundation\\Console\\Kernel->handle(Object(Symfony\\Component\\Console\\Input\\ArgvInput), Object(Symfony\\Component\\Console\\Output\\ConsoleOutput))
#14 {main}
"} 
[2025-03-07 07:58:40] production.ERROR: include(D:\XAMPP\htdocs\acute\vendor\composer/../../themes/BC/ThemeProvider.php): Failed to open stream: No such file or directory {"exception":"[object] (ErrorException(code: 0): include(D:\\XAMPP\\htdocs\\acute\\vendor\\composer/../../themes/BC/ThemeProvider.php): Failed to open stream: No such file or directory at D:\\XAMPP\\htdocs\\acute\\vendor\\composer\\ClassLoader.php:576)
[stacktrace]
#0 D:\\XAMPP\\htdocs\\acute\\vendor\\laravel\\framework\\src\\Illuminate\\Foundation\\Bootstrap\\HandleExceptions.php(255): Illuminate\\Foundation\\Bootstrap\\HandleExceptions->handleError(2, 'include(D:\\\\XAMP...', 'D:\\\\XAMPP\\\\htdocs...', 576)
#1 D:\\XAMPP\\htdocs\\acute\\vendor\\composer\\ClassLoader.php(576): Illuminate\\Foundation\\Bootstrap\\HandleExceptions->Illuminate\\Foundation\\Bootstrap\\{closure}(2, 'include(D:\\\\XAMP...', 'D:\\\\XAMPP\\\\htdocs...', 576)
#2 D:\\XAMPP\\htdocs\\acute\\vendor\\composer\\ClassLoader.php(576): include('D:\\\\XAMPP\\\\htdocs...')
#3 D:\\XAMPP\\htdocs\\acute\\vendor\\composer\\ClassLoader.php(427): Composer\\Autoload\\{closure}('D:\\\\XAMPP\\\\htdocs...')
#4 [internal function]: Composer\\Autoload\\ClassLoader->loadClass('Themes\\\\BC\\\\Theme...')
#5 D:\\XAMPP\\htdocs\\acute\\themes\\ThemeServiceProvider.php(78): class_exists('\\\\Themes\\\\BC\\\\Them...')
#6 D:\\XAMPP\\htdocs\\acute\\vendor\\laravel\\framework\\src\\Illuminate\\Foundation\\Application.php(792): Themes\\ThemeServiceProvider->register()
#7 D:\\XAMPP\\htdocs\\acute\\vendor\\laravel\\framework\\src\\Illuminate\\Foundation\\ProviderRepository.php(75): Illuminate\\Foundation\\Application->register(Object(Themes\\ThemeServiceProvider))
#8 D:\\XAMPP\\htdocs\\acute\\vendor\\laravel\\framework\\src\\Illuminate\\Foundation\\Application.php(769): Illuminate\\Foundation\\ProviderRepository->load(Array)
#9 D:\\XAMPP\\htdocs\\acute\\vendor\\laravel\\framework\\src\\Illuminate\\Foundation\\Bootstrap\\RegisterProviders.php(17): Illuminate\\Foundation\\Application->registerConfiguredProviders()
#10 D:\\XAMPP\\htdocs\\acute\\vendor\\laravel\\framework\\src\\Illuminate\\Foundation\\Application.php(263): Illuminate\\Foundation\\Bootstrap\\RegisterProviders->bootstrap(Object(Illuminate\\Foundation\\Application))
#11 D:\\XAMPP\\htdocs\\acute\\vendor\\laravel\\framework\\src\\Illuminate\\Foundation\\Console\\Kernel.php(447): Illuminate\\Foundation\\Application->bootstrapWith(Array)
#12 D:\\XAMPP\\htdocs\\acute\\vendor\\laravel\\framework\\src\\Illuminate\\Foundation\\Console\\Kernel.php(199): Illuminate\\Foundation\\Console\\Kernel->bootstrap()
#13 Command line code(1): Illuminate\\Foundation\\Console\\Kernel->handle(Object(Symfony\\Component\\Console\\Input\\ArgvInput), Object(Symfony\\Component\\Console\\Output\\ConsoleOutput))
#14 {main}
"} 
[2025-03-07 07:58:40] production.ERROR: include(D:\XAMPP\htdocs\acute\vendor\composer/../../themes/BC/ThemeProvider.php): Failed to open stream: No such file or directory {"exception":"[object] (ErrorException(code: 0): include(D:\\XAMPP\\htdocs\\acute\\vendor\\composer/../../themes/BC/ThemeProvider.php): Failed to open stream: No such file or directory at D:\\XAMPP\\htdocs\\acute\\vendor\\composer\\ClassLoader.php:576)
[stacktrace]
#0 D:\\XAMPP\\htdocs\\acute\\vendor\\laravel\\framework\\src\\Illuminate\\Foundation\\Bootstrap\\HandleExceptions.php(255): Illuminate\\Foundation\\Bootstrap\\HandleExceptions->handleError(2, 'include(D:\\\\XAMP...', 'D:\\\\XAMPP\\\\htdocs...', 576)
#1 D:\\XAMPP\\htdocs\\acute\\vendor\\composer\\ClassLoader.php(576): Illuminate\\Foundation\\Bootstrap\\HandleExceptions->Illuminate\\Foundation\\Bootstrap\\{closure}(2, 'include(D:\\\\XAMP...', 'D:\\\\XAMPP\\\\htdocs...', 576)
#2 D:\\XAMPP\\htdocs\\acute\\vendor\\composer\\ClassLoader.php(576): include('D:\\\\XAMPP\\\\htdocs...')
#3 D:\\XAMPP\\htdocs\\acute\\vendor\\composer\\ClassLoader.php(427): Composer\\Autoload\\{closure}('D:\\\\XAMPP\\\\htdocs...')
#4 [internal function]: Composer\\Autoload\\ClassLoader->loadClass('Themes\\\\BC\\\\Theme...')
#5 D:\\XAMPP\\htdocs\\acute\\themes\\ThemeServiceProvider.php(78): class_exists('\\\\Themes\\\\BC\\\\Them...')
#6 D:\\XAMPP\\htdocs\\acute\\vendor\\laravel\\framework\\src\\Illuminate\\Foundation\\Application.php(792): Themes\\ThemeServiceProvider->register()
#7 D:\\XAMPP\\htdocs\\acute\\vendor\\laravel\\framework\\src\\Illuminate\\Foundation\\ProviderRepository.php(75): Illuminate\\Foundation\\Application->register(Object(Themes\\ThemeServiceProvider))
#8 D:\\XAMPP\\htdocs\\acute\\vendor\\laravel\\framework\\src\\Illuminate\\Foundation\\Application.php(769): Illuminate\\Foundation\\ProviderRepository->load(Array)
#9 D:\\XAMPP\\htdocs\\acute\\vendor\\laravel\\framework\\src\\Illuminate\\Foundation\\Bootstrap\\RegisterProviders.php(17): Illuminate\\Foundation\\Application->registerConfiguredProviders()
#10 D:\\XAMPP\\htdocs\\acute\\vendor\\laravel\\framework\\src\\Illuminate\\Foundation\\Application.php(263): Illuminate\\Foundation\\Bootstrap\\RegisterProviders->bootstrap(Object(Illuminate\\Foundation\\Application))
#11 D:\\XAMPP\\htdocs\\acute\\vendor\\laravel\\framework\\src\\Illuminate\\Foundation\\Console\\Kernel.php(447): Illuminate\\Foundation\\Application->bootstrapWith(Array)
#12 D:\\XAMPP\\htdocs\\acute\\vendor\\laravel\\framework\\src\\Illuminate\\Foundation\\Console\\Kernel.php(199): Illuminate\\Foundation\\Console\\Kernel->bootstrap()
#13 Command line code(1): Illuminate\\Foundation\\Console\\Kernel->handle(Object(Symfony\\Component\\Console\\Input\\ArgvInput), Object(Symfony\\Component\\Console\\Output\\ConsoleOutput))
#14 {main}
"} 
[2025-03-07 07:58:40] production.ERROR: include(D:\XAMPP\htdocs\acute\vendor\composer/../../themes/BC/ThemeProvider.php): Failed to open stream: No such file or directory {"exception":"[object] (ErrorException(code: 0): include(D:\\XAMPP\\htdocs\\acute\\vendor\\composer/../../themes/BC/ThemeProvider.php): Failed to open stream: No such file or directory at D:\\XAMPP\\htdocs\\acute\\vendor\\composer\\ClassLoader.php:576)
[stacktrace]
#0 D:\\XAMPP\\htdocs\\acute\\vendor\\laravel\\framework\\src\\Illuminate\\Foundation\\Bootstrap\\HandleExceptions.php(255): Illuminate\\Foundation\\Bootstrap\\HandleExceptions->handleError(2, 'include(D:\\\\XAMP...', 'D:\\\\XAMPP\\\\htdocs...', 576)
#1 D:\\XAMPP\\htdocs\\acute\\vendor\\composer\\ClassLoader.php(576): Illuminate\\Foundation\\Bootstrap\\HandleExceptions->Illuminate\\Foundation\\Bootstrap\\{closure}(2, 'include(D:\\\\XAMP...', 'D:\\\\XAMPP\\\\htdocs...', 576)
#2 D:\\XAMPP\\htdocs\\acute\\vendor\\composer\\ClassLoader.php(576): include('D:\\\\XAMPP\\\\htdocs...')
#3 D:\\XAMPP\\htdocs\\acute\\vendor\\composer\\ClassLoader.php(427): Composer\\Autoload\\{closure}('D:\\\\XAMPP\\\\htdocs...')
#4 [internal function]: Composer\\Autoload\\ClassLoader->loadClass('Themes\\\\BC\\\\Theme...')
#5 D:\\XAMPP\\htdocs\\acute\\themes\\ThemeServiceProvider.php(78): class_exists('\\\\Themes\\\\BC\\\\Them...')
#6 D:\\XAMPP\\htdocs\\acute\\vendor\\laravel\\framework\\src\\Illuminate\\Foundation\\Application.php(792): Themes\\ThemeServiceProvider->register()
#7 D:\\XAMPP\\htdocs\\acute\\vendor\\laravel\\framework\\src\\Illuminate\\Foundation\\ProviderRepository.php(75): Illuminate\\Foundation\\Application->register(Object(Themes\\ThemeServiceProvider))
#8 D:\\XAMPP\\htdocs\\acute\\vendor\\laravel\\framework\\src\\Illuminate\\Foundation\\Application.php(769): Illuminate\\Foundation\\ProviderRepository->load(Array)
#9 D:\\XAMPP\\htdocs\\acute\\vendor\\laravel\\framework\\src\\Illuminate\\Foundation\\Bootstrap\\RegisterProviders.php(17): Illuminate\\Foundation\\Application->registerConfiguredProviders()
#10 D:\\XAMPP\\htdocs\\acute\\vendor\\laravel\\framework\\src\\Illuminate\\Foundation\\Application.php(263): Illuminate\\Foundation\\Bootstrap\\RegisterProviders->bootstrap(Object(Illuminate\\Foundation\\Application))
#11 D:\\XAMPP\\htdocs\\acute\\vendor\\laravel\\framework\\src\\Illuminate\\Foundation\\Console\\Kernel.php(447): Illuminate\\Foundation\\Application->bootstrapWith(Array)
#12 D:\\XAMPP\\htdocs\\acute\\vendor\\laravel\\framework\\src\\Illuminate\\Foundation\\Console\\Kernel.php(199): Illuminate\\Foundation\\Console\\Kernel->bootstrap()
#13 Command line code(1): Illuminate\\Foundation\\Console\\Kernel->handle(Object(Symfony\\Component\\Console\\Input\\ArgvInput), Object(Symfony\\Component\\Console\\Output\\ConsoleOutput))
#14 {main}
"} 
[2025-03-07 07:58:40] production.ERROR: include(D:\XAMPP\htdocs\acute\vendor\composer/../../themes/BC/ThemeProvider.php): Failed to open stream: No such file or directory {"exception":"[object] (ErrorException(code: 0): include(D:\\XAMPP\\htdocs\\acute\\vendor\\composer/../../themes/BC/ThemeProvider.php): Failed to open stream: No such file or directory at D:\\XAMPP\\htdocs\\acute\\vendor\\composer\\ClassLoader.php:576)
[stacktrace]
#0 D:\\XAMPP\\htdocs\\acute\\vendor\\laravel\\framework\\src\\Illuminate\\Foundation\\Bootstrap\\HandleExceptions.php(255): Illuminate\\Foundation\\Bootstrap\\HandleExceptions->handleError(2, 'include(D:\\\\XAMP...', 'D:\\\\XAMPP\\\\htdocs...', 576)
#1 D:\\XAMPP\\htdocs\\acute\\vendor\\composer\\ClassLoader.php(576): Illuminate\\Foundation\\Bootstrap\\HandleExceptions->Illuminate\\Foundation\\Bootstrap\\{closure}(2, 'include(D:\\\\XAMP...', 'D:\\\\XAMPP\\\\htdocs...', 576)
#2 D:\\XAMPP\\htdocs\\acute\\vendor\\composer\\ClassLoader.php(576): include('D:\\\\XAMPP\\\\htdocs...')
#3 D:\\XAMPP\\htdocs\\acute\\vendor\\composer\\ClassLoader.php(427): Composer\\Autoload\\{closure}('D:\\\\XAMPP\\\\htdocs...')
#4 [internal function]: Composer\\Autoload\\ClassLoader->loadClass('Themes\\\\BC\\\\Theme...')
#5 D:\\XAMPP\\htdocs\\acute\\themes\\ThemeServiceProvider.php(78): class_exists('\\\\Themes\\\\BC\\\\Them...')
#6 D:\\XAMPP\\htdocs\\acute\\vendor\\laravel\\framework\\src\\Illuminate\\Foundation\\Application.php(792): Themes\\ThemeServiceProvider->register()
#7 D:\\XAMPP\\htdocs\\acute\\vendor\\laravel\\framework\\src\\Illuminate\\Foundation\\ProviderRepository.php(75): Illuminate\\Foundation\\Application->register(Object(Themes\\ThemeServiceProvider))
#8 D:\\XAMPP\\htdocs\\acute\\vendor\\laravel\\framework\\src\\Illuminate\\Foundation\\Application.php(769): Illuminate\\Foundation\\ProviderRepository->load(Array)
#9 D:\\XAMPP\\htdocs\\acute\\vendor\\laravel\\framework\\src\\Illuminate\\Foundation\\Bootstrap\\RegisterProviders.php(17): Illuminate\\Foundation\\Application->registerConfiguredProviders()
#10 D:\\XAMPP\\htdocs\\acute\\vendor\\laravel\\framework\\src\\Illuminate\\Foundation\\Application.php(263): Illuminate\\Foundation\\Bootstrap\\RegisterProviders->bootstrap(Object(Illuminate\\Foundation\\Application))
#11 D:\\XAMPP\\htdocs\\acute\\vendor\\laravel\\framework\\src\\Illuminate\\Foundation\\Console\\Kernel.php(447): Illuminate\\Foundation\\Application->bootstrapWith(Array)
#12 D:\\XAMPP\\htdocs\\acute\\vendor\\laravel\\framework\\src\\Illuminate\\Foundation\\Console\\Kernel.php(199): Illuminate\\Foundation\\Console\\Kernel->bootstrap()
#13 Command line code(1): Illuminate\\Foundation\\Console\\Kernel->handle(Object(Symfony\\Component\\Console\\Input\\ArgvInput), Object(Symfony\\Component\\Console\\Output\\ConsoleOutput))
#14 {main}
"} 
[2025-03-07 07:59:27] production.ERROR: include(D:\XAMPP\htdocs\acute\vendor\composer/../../themes/BC/ThemeProvider.php): Failed to open stream: No such file or directory {"exception":"[object] (ErrorException(code: 0): include(D:\\XAMPP\\htdocs\\acute\\vendor\\composer/../../themes/BC/ThemeProvider.php): Failed to open stream: No such file or directory at D:\\XAMPP\\htdocs\\acute\\vendor\\composer\\ClassLoader.php:576)
[stacktrace]
#0 D:\\XAMPP\\htdocs\\acute\\vendor\\laravel\\framework\\src\\Illuminate\\Foundation\\Bootstrap\\HandleExceptions.php(255): Illuminate\\Foundation\\Bootstrap\\HandleExceptions->handleError(2, 'include(D:\\\\XAMP...', 'D:\\\\XAMPP\\\\htdocs...', 576)
#1 D:\\XAMPP\\htdocs\\acute\\vendor\\composer\\ClassLoader.php(576): Illuminate\\Foundation\\Bootstrap\\HandleExceptions->Illuminate\\Foundation\\Bootstrap\\{closure}(2, 'include(D:\\\\XAMP...', 'D:\\\\XAMPP\\\\htdocs...', 576)
#2 D:\\XAMPP\\htdocs\\acute\\vendor\\composer\\ClassLoader.php(576): include('D:\\\\XAMPP\\\\htdocs...')
#3 D:\\XAMPP\\htdocs\\acute\\vendor\\composer\\ClassLoader.php(427): Composer\\Autoload\\{closure}('D:\\\\XAMPP\\\\htdocs...')
#4 [internal function]: Composer\\Autoload\\ClassLoader->loadClass('Themes\\\\BC\\\\Theme...')
#5 D:\\XAMPP\\htdocs\\acute\\themes\\ThemeServiceProvider.php(78): class_exists('\\\\Themes\\\\BC\\\\Them...')
#6 D:\\XAMPP\\htdocs\\acute\\vendor\\laravel\\framework\\src\\Illuminate\\Foundation\\Application.php(792): Themes\\ThemeServiceProvider->register()
#7 D:\\XAMPP\\htdocs\\acute\\vendor\\laravel\\framework\\src\\Illuminate\\Foundation\\ProviderRepository.php(75): Illuminate\\Foundation\\Application->register(Object(Themes\\ThemeServiceProvider))
#8 D:\\XAMPP\\htdocs\\acute\\vendor\\laravel\\framework\\src\\Illuminate\\Foundation\\Application.php(769): Illuminate\\Foundation\\ProviderRepository->load(Array)
#9 D:\\XAMPP\\htdocs\\acute\\vendor\\laravel\\framework\\src\\Illuminate\\Foundation\\Bootstrap\\RegisterProviders.php(17): Illuminate\\Foundation\\Application->registerConfiguredProviders()
#10 D:\\XAMPP\\htdocs\\acute\\vendor\\laravel\\framework\\src\\Illuminate\\Foundation\\Application.php(263): Illuminate\\Foundation\\Bootstrap\\RegisterProviders->bootstrap(Object(Illuminate\\Foundation\\Application))
#11 D:\\XAMPP\\htdocs\\acute\\vendor\\laravel\\framework\\src\\Illuminate\\Foundation\\Console\\Kernel.php(447): Illuminate\\Foundation\\Application->bootstrapWith(Array)
#12 D:\\XAMPP\\htdocs\\acute\\vendor\\laravel\\framework\\src\\Illuminate\\Foundation\\Console\\Kernel.php(199): Illuminate\\Foundation\\Console\\Kernel->bootstrap()
#13 Command line code(1): Illuminate\\Foundation\\Console\\Kernel->handle(Object(Symfony\\Component\\Console\\Input\\ArgvInput), Object(Symfony\\Component\\Console\\Output\\ConsoleOutput))
#14 {main}
"} 
[2025-03-07 07:59:27] production.ERROR: include(D:\XAMPP\htdocs\acute\vendor\composer/../../themes/BC/ThemeProvider.php): Failed to open stream: No such file or directory {"exception":"[object] (ErrorException(code: 0): include(D:\\XAMPP\\htdocs\\acute\\vendor\\composer/../../themes/BC/ThemeProvider.php): Failed to open stream: No such file or directory at D:\\XAMPP\\htdocs\\acute\\vendor\\composer\\ClassLoader.php:576)
[stacktrace]
#0 D:\\XAMPP\\htdocs\\acute\\vendor\\laravel\\framework\\src\\Illuminate\\Foundation\\Bootstrap\\HandleExceptions.php(255): Illuminate\\Foundation\\Bootstrap\\HandleExceptions->handleError(2, 'include(D:\\\\XAMP...', 'D:\\\\XAMPP\\\\htdocs...', 576)
#1 D:\\XAMPP\\htdocs\\acute\\vendor\\composer\\ClassLoader.php(576): Illuminate\\Foundation\\Bootstrap\\HandleExceptions->Illuminate\\Foundation\\Bootstrap\\{closure}(2, 'include(D:\\\\XAMP...', 'D:\\\\XAMPP\\\\htdocs...', 576)
#2 D:\\XAMPP\\htdocs\\acute\\vendor\\composer\\ClassLoader.php(576): include('D:\\\\XAMPP\\\\htdocs...')
#3 D:\\XAMPP\\htdocs\\acute\\vendor\\composer\\ClassLoader.php(427): Composer\\Autoload\\{closure}('D:\\\\XAMPP\\\\htdocs...')
#4 [internal function]: Composer\\Autoload\\ClassLoader->loadClass('Themes\\\\BC\\\\Theme...')
#5 D:\\XAMPP\\htdocs\\acute\\themes\\ThemeServiceProvider.php(78): class_exists('\\\\Themes\\\\BC\\\\Them...')
#6 D:\\XAMPP\\htdocs\\acute\\vendor\\laravel\\framework\\src\\Illuminate\\Foundation\\Application.php(792): Themes\\ThemeServiceProvider->register()
#7 D:\\XAMPP\\htdocs\\acute\\vendor\\laravel\\framework\\src\\Illuminate\\Foundation\\ProviderRepository.php(75): Illuminate\\Foundation\\Application->register(Object(Themes\\ThemeServiceProvider))
#8 D:\\XAMPP\\htdocs\\acute\\vendor\\laravel\\framework\\src\\Illuminate\\Foundation\\Application.php(769): Illuminate\\Foundation\\ProviderRepository->load(Array)
#9 D:\\XAMPP\\htdocs\\acute\\vendor\\laravel\\framework\\src\\Illuminate\\Foundation\\Bootstrap\\RegisterProviders.php(17): Illuminate\\Foundation\\Application->registerConfiguredProviders()
#10 D:\\XAMPP\\htdocs\\acute\\vendor\\laravel\\framework\\src\\Illuminate\\Foundation\\Application.php(263): Illuminate\\Foundation\\Bootstrap\\RegisterProviders->bootstrap(Object(Illuminate\\Foundation\\Application))
#11 D:\\XAMPP\\htdocs\\acute\\vendor\\laravel\\framework\\src\\Illuminate\\Foundation\\Console\\Kernel.php(447): Illuminate\\Foundation\\Application->bootstrapWith(Array)
#12 D:\\XAMPP\\htdocs\\acute\\vendor\\laravel\\framework\\src\\Illuminate\\Foundation\\Console\\Kernel.php(199): Illuminate\\Foundation\\Console\\Kernel->bootstrap()
#13 Command line code(1): Illuminate\\Foundation\\Console\\Kernel->handle(Object(Symfony\\Component\\Console\\Input\\ArgvInput), Object(Symfony\\Component\\Console\\Output\\ConsoleOutput))
#14 {main}
"} 
[2025-03-07 07:59:48] production.ERROR: include(D:\XAMPP\htdocs\acute\vendor\composer/../../themes/BC/ThemeProvider.php): Failed to open stream: No such file or directory {"exception":"[object] (ErrorException(code: 0): include(D:\\XAMPP\\htdocs\\acute\\vendor\\composer/../../themes/BC/ThemeProvider.php): Failed to open stream: No such file or directory at D:\\XAMPP\\htdocs\\acute\\vendor\\composer\\ClassLoader.php:576)
[stacktrace]
#0 D:\\XAMPP\\htdocs\\acute\\vendor\\laravel\\framework\\src\\Illuminate\\Foundation\\Bootstrap\\HandleExceptions.php(255): Illuminate\\Foundation\\Bootstrap\\HandleExceptions->handleError(2, 'include(D:\\\\XAMP...', 'D:\\\\XAMPP\\\\htdocs...', 576)
#1 D:\\XAMPP\\htdocs\\acute\\vendor\\composer\\ClassLoader.php(576): Illuminate\\Foundation\\Bootstrap\\HandleExceptions->Illuminate\\Foundation\\Bootstrap\\{closure}(2, 'include(D:\\\\XAMP...', 'D:\\\\XAMPP\\\\htdocs...', 576)
#2 D:\\XAMPP\\htdocs\\acute\\vendor\\composer\\ClassLoader.php(576): include('D:\\\\XAMPP\\\\htdocs...')
#3 D:\\XAMPP\\htdocs\\acute\\vendor\\composer\\ClassLoader.php(427): Composer\\Autoload\\{closure}('D:\\\\XAMPP\\\\htdocs...')
#4 [internal function]: Composer\\Autoload\\ClassLoader->loadClass('Themes\\\\BC\\\\Theme...')
#5 D:\\XAMPP\\htdocs\\acute\\themes\\ThemeServiceProvider.php(78): class_exists('\\\\Themes\\\\BC\\\\Them...')
#6 D:\\XAMPP\\htdocs\\acute\\vendor\\laravel\\framework\\src\\Illuminate\\Foundation\\Application.php(792): Themes\\ThemeServiceProvider->register()
#7 D:\\XAMPP\\htdocs\\acute\\vendor\\laravel\\framework\\src\\Illuminate\\Foundation\\ProviderRepository.php(75): Illuminate\\Foundation\\Application->register(Object(Themes\\ThemeServiceProvider))
#8 D:\\XAMPP\\htdocs\\acute\\vendor\\laravel\\framework\\src\\Illuminate\\Foundation\\Application.php(769): Illuminate\\Foundation\\ProviderRepository->load(Array)
#9 D:\\XAMPP\\htdocs\\acute\\vendor\\laravel\\framework\\src\\Illuminate\\Foundation\\Bootstrap\\RegisterProviders.php(17): Illuminate\\Foundation\\Application->registerConfiguredProviders()
#10 D:\\XAMPP\\htdocs\\acute\\vendor\\laravel\\framework\\src\\Illuminate\\Foundation\\Application.php(263): Illuminate\\Foundation\\Bootstrap\\RegisterProviders->bootstrap(Object(Illuminate\\Foundation\\Application))
#11 D:\\XAMPP\\htdocs\\acute\\vendor\\laravel\\framework\\src\\Illuminate\\Foundation\\Console\\Kernel.php(447): Illuminate\\Foundation\\Application->bootstrapWith(Array)
#12 D:\\XAMPP\\htdocs\\acute\\vendor\\laravel\\framework\\src\\Illuminate\\Foundation\\Console\\Kernel.php(199): Illuminate\\Foundation\\Console\\Kernel->bootstrap()
#13 Command line code(1): Illuminate\\Foundation\\Console\\Kernel->handle(Object(Symfony\\Component\\Console\\Input\\ArgvInput), Object(Symfony\\Component\\Console\\Output\\ConsoleOutput))
#14 {main}
"} 
[2025-03-07 07:59:48] production.ERROR: include(D:\XAMPP\htdocs\acute\vendor\composer/../../themes/BC/ThemeProvider.php): Failed to open stream: No such file or directory {"exception":"[object] (ErrorException(code: 0): include(D:\\XAMPP\\htdocs\\acute\\vendor\\composer/../../themes/BC/ThemeProvider.php): Failed to open stream: No such file or directory at D:\\XAMPP\\htdocs\\acute\\vendor\\composer\\ClassLoader.php:576)
[stacktrace]
#0 D:\\XAMPP\\htdocs\\acute\\vendor\\laravel\\framework\\src\\Illuminate\\Foundation\\Bootstrap\\HandleExceptions.php(255): Illuminate\\Foundation\\Bootstrap\\HandleExceptions->handleError(2, 'include(D:\\\\XAMP...', 'D:\\\\XAMPP\\\\htdocs...', 576)
#1 D:\\XAMPP\\htdocs\\acute\\vendor\\composer\\ClassLoader.php(576): Illuminate\\Foundation\\Bootstrap\\HandleExceptions->Illuminate\\Foundation\\Bootstrap\\{closure}(2, 'include(D:\\\\XAMP...', 'D:\\\\XAMPP\\\\htdocs...', 576)
#2 D:\\XAMPP\\htdocs\\acute\\vendor\\composer\\ClassLoader.php(576): include('D:\\\\XAMPP\\\\htdocs...')
#3 D:\\XAMPP\\htdocs\\acute\\vendor\\composer\\ClassLoader.php(427): Composer\\Autoload\\{closure}('D:\\\\XAMPP\\\\htdocs...')
#4 [internal function]: Composer\\Autoload\\ClassLoader->loadClass('Themes\\\\BC\\\\Theme...')
#5 D:\\XAMPP\\htdocs\\acute\\themes\\ThemeServiceProvider.php(78): class_exists('\\\\Themes\\\\BC\\\\Them...')
#6 D:\\XAMPP\\htdocs\\acute\\vendor\\laravel\\framework\\src\\Illuminate\\Foundation\\Application.php(792): Themes\\ThemeServiceProvider->register()
#7 D:\\XAMPP\\htdocs\\acute\\vendor\\laravel\\framework\\src\\Illuminate\\Foundation\\ProviderRepository.php(75): Illuminate\\Foundation\\Application->register(Object(Themes\\ThemeServiceProvider))
#8 D:\\XAMPP\\htdocs\\acute\\vendor\\laravel\\framework\\src\\Illuminate\\Foundation\\Application.php(769): Illuminate\\Foundation\\ProviderRepository->load(Array)
#9 D:\\XAMPP\\htdocs\\acute\\vendor\\laravel\\framework\\src\\Illuminate\\Foundation\\Bootstrap\\RegisterProviders.php(17): Illuminate\\Foundation\\Application->registerConfiguredProviders()
#10 D:\\XAMPP\\htdocs\\acute\\vendor\\laravel\\framework\\src\\Illuminate\\Foundation\\Application.php(263): Illuminate\\Foundation\\Bootstrap\\RegisterProviders->bootstrap(Object(Illuminate\\Foundation\\Application))
#11 D:\\XAMPP\\htdocs\\acute\\vendor\\laravel\\framework\\src\\Illuminate\\Foundation\\Console\\Kernel.php(447): Illuminate\\Foundation\\Application->bootstrapWith(Array)
#12 D:\\XAMPP\\htdocs\\acute\\vendor\\laravel\\framework\\src\\Illuminate\\Foundation\\Console\\Kernel.php(199): Illuminate\\Foundation\\Console\\Kernel->bootstrap()
#13 Command line code(1): Illuminate\\Foundation\\Console\\Kernel->handle(Object(Symfony\\Component\\Console\\Input\\ArgvInput), Object(Symfony\\Component\\Console\\Output\\ConsoleOutput))
#14 {main}
"} 
[2025-03-07 07:59:48] production.ERROR: include(D:\XAMPP\htdocs\acute\vendor\composer/../../themes/BC/ThemeProvider.php): Failed to open stream: No such file or directory {"exception":"[object] (ErrorException(code: 0): include(D:\\XAMPP\\htdocs\\acute\\vendor\\composer/../../themes/BC/ThemeProvider.php): Failed to open stream: No such file or directory at D:\\XAMPP\\htdocs\\acute\\vendor\\composer\\ClassLoader.php:576)
[stacktrace]
#0 D:\\XAMPP\\htdocs\\acute\\vendor\\laravel\\framework\\src\\Illuminate\\Foundation\\Bootstrap\\HandleExceptions.php(255): Illuminate\\Foundation\\Bootstrap\\HandleExceptions->handleError(2, 'include(D:\\\\XAMP...', 'D:\\\\XAMPP\\\\htdocs...', 576)
#1 D:\\XAMPP\\htdocs\\acute\\vendor\\composer\\ClassLoader.php(576): Illuminate\\Foundation\\Bootstrap\\HandleExceptions->Illuminate\\Foundation\\Bootstrap\\{closure}(2, 'include(D:\\\\XAMP...', 'D:\\\\XAMPP\\\\htdocs...', 576)
#2 D:\\XAMPP\\htdocs\\acute\\vendor\\composer\\ClassLoader.php(576): include('D:\\\\XAMPP\\\\htdocs...')
#3 D:\\XAMPP\\htdocs\\acute\\vendor\\composer\\ClassLoader.php(427): Composer\\Autoload\\{closure}('D:\\\\XAMPP\\\\htdocs...')
#4 [internal function]: Composer\\Autoload\\ClassLoader->loadClass('Themes\\\\BC\\\\Theme...')
#5 D:\\XAMPP\\htdocs\\acute\\themes\\ThemeServiceProvider.php(78): class_exists('\\\\Themes\\\\BC\\\\Them...')
#6 D:\\XAMPP\\htdocs\\acute\\vendor\\laravel\\framework\\src\\Illuminate\\Foundation\\Application.php(792): Themes\\ThemeServiceProvider->register()
#7 D:\\XAMPP\\htdocs\\acute\\vendor\\laravel\\framework\\src\\Illuminate\\Foundation\\ProviderRepository.php(75): Illuminate\\Foundation\\Application->register(Object(Themes\\ThemeServiceProvider))
#8 D:\\XAMPP\\htdocs\\acute\\vendor\\laravel\\framework\\src\\Illuminate\\Foundation\\Application.php(769): Illuminate\\Foundation\\ProviderRepository->load(Array)
#9 D:\\XAMPP\\htdocs\\acute\\vendor\\laravel\\framework\\src\\Illuminate\\Foundation\\Bootstrap\\RegisterProviders.php(17): Illuminate\\Foundation\\Application->registerConfiguredProviders()
#10 D:\\XAMPP\\htdocs\\acute\\vendor\\laravel\\framework\\src\\Illuminate\\Foundation\\Application.php(263): Illuminate\\Foundation\\Bootstrap\\RegisterProviders->bootstrap(Object(Illuminate\\Foundation\\Application))
#11 D:\\XAMPP\\htdocs\\acute\\vendor\\laravel\\framework\\src\\Illuminate\\Foundation\\Console\\Kernel.php(447): Illuminate\\Foundation\\Application->bootstrapWith(Array)
#12 D:\\XAMPP\\htdocs\\acute\\vendor\\laravel\\framework\\src\\Illuminate\\Foundation\\Console\\Kernel.php(199): Illuminate\\Foundation\\Console\\Kernel->bootstrap()
#13 Command line code(1): Illuminate\\Foundation\\Console\\Kernel->handle(Object(Symfony\\Component\\Console\\Input\\ArgvInput), Object(Symfony\\Component\\Console\\Output\\ConsoleOutput))
#14 {main}
"} 
[2025-03-07 07:59:49] production.ERROR: include(D:\XAMPP\htdocs\acute\vendor\composer/../../themes/BC/ThemeProvider.php): Failed to open stream: No such file or directory {"exception":"[object] (ErrorException(code: 0): include(D:\\XAMPP\\htdocs\\acute\\vendor\\composer/../../themes/BC/ThemeProvider.php): Failed to open stream: No such file or directory at D:\\XAMPP\\htdocs\\acute\\vendor\\composer\\ClassLoader.php:576)
[stacktrace]
#0 D:\\XAMPP\\htdocs\\acute\\vendor\\laravel\\framework\\src\\Illuminate\\Foundation\\Bootstrap\\HandleExceptions.php(255): Illuminate\\Foundation\\Bootstrap\\HandleExceptions->handleError(2, 'include(D:\\\\XAMP...', 'D:\\\\XAMPP\\\\htdocs...', 576)
#1 D:\\XAMPP\\htdocs\\acute\\vendor\\composer\\ClassLoader.php(576): Illuminate\\Foundation\\Bootstrap\\HandleExceptions->Illuminate\\Foundation\\Bootstrap\\{closure}(2, 'include(D:\\\\XAMP...', 'D:\\\\XAMPP\\\\htdocs...', 576)
#2 D:\\XAMPP\\htdocs\\acute\\vendor\\composer\\ClassLoader.php(576): include('D:\\\\XAMPP\\\\htdocs...')
#3 D:\\XAMPP\\htdocs\\acute\\vendor\\composer\\ClassLoader.php(427): Composer\\Autoload\\{closure}('D:\\\\XAMPP\\\\htdocs...')
#4 [internal function]: Composer\\Autoload\\ClassLoader->loadClass('Themes\\\\BC\\\\Theme...')
#5 D:\\XAMPP\\htdocs\\acute\\themes\\ThemeServiceProvider.php(78): class_exists('\\\\Themes\\\\BC\\\\Them...')
#6 D:\\XAMPP\\htdocs\\acute\\vendor\\laravel\\framework\\src\\Illuminate\\Foundation\\Application.php(792): Themes\\ThemeServiceProvider->register()
#7 D:\\XAMPP\\htdocs\\acute\\vendor\\laravel\\framework\\src\\Illuminate\\Foundation\\ProviderRepository.php(75): Illuminate\\Foundation\\Application->register(Object(Themes\\ThemeServiceProvider))
#8 D:\\XAMPP\\htdocs\\acute\\vendor\\laravel\\framework\\src\\Illuminate\\Foundation\\Application.php(769): Illuminate\\Foundation\\ProviderRepository->load(Array)
#9 D:\\XAMPP\\htdocs\\acute\\vendor\\laravel\\framework\\src\\Illuminate\\Foundation\\Bootstrap\\RegisterProviders.php(17): Illuminate\\Foundation\\Application->registerConfiguredProviders()
#10 D:\\XAMPP\\htdocs\\acute\\vendor\\laravel\\framework\\src\\Illuminate\\Foundation\\Application.php(263): Illuminate\\Foundation\\Bootstrap\\RegisterProviders->bootstrap(Object(Illuminate\\Foundation\\Application))
#11 D:\\XAMPP\\htdocs\\acute\\vendor\\laravel\\framework\\src\\Illuminate\\Foundation\\Console\\Kernel.php(447): Illuminate\\Foundation\\Application->bootstrapWith(Array)
#12 D:\\XAMPP\\htdocs\\acute\\vendor\\laravel\\framework\\src\\Illuminate\\Foundation\\Console\\Kernel.php(199): Illuminate\\Foundation\\Console\\Kernel->bootstrap()
#13 Command line code(1): Illuminate\\Foundation\\Console\\Kernel->handle(Object(Symfony\\Component\\Console\\Input\\ArgvInput), Object(Symfony\\Component\\Console\\Output\\ConsoleOutput))
#14 {main}
"} 
[2025-03-07 07:59:49] production.ERROR: include(D:\XAMPP\htdocs\acute\vendor\composer/../../themes/BC/ThemeProvider.php): Failed to open stream: No such file or directory {"exception":"[object] (ErrorException(code: 0): include(D:\\XAMPP\\htdocs\\acute\\vendor\\composer/../../themes/BC/ThemeProvider.php): Failed to open stream: No such file or directory at D:\\XAMPP\\htdocs\\acute\\vendor\\composer\\ClassLoader.php:576)
[stacktrace]
#0 D:\\XAMPP\\htdocs\\acute\\vendor\\laravel\\framework\\src\\Illuminate\\Foundation\\Bootstrap\\HandleExceptions.php(255): Illuminate\\Foundation\\Bootstrap\\HandleExceptions->handleError(2, 'include(D:\\\\XAMP...', 'D:\\\\XAMPP\\\\htdocs...', 576)
#1 D:\\XAMPP\\htdocs\\acute\\vendor\\composer\\ClassLoader.php(576): Illuminate\\Foundation\\Bootstrap\\HandleExceptions->Illuminate\\Foundation\\Bootstrap\\{closure}(2, 'include(D:\\\\XAMP...', 'D:\\\\XAMPP\\\\htdocs...', 576)
#2 D:\\XAMPP\\htdocs\\acute\\vendor\\composer\\ClassLoader.php(576): include('D:\\\\XAMPP\\\\htdocs...')
#3 D:\\XAMPP\\htdocs\\acute\\vendor\\composer\\ClassLoader.php(427): Composer\\Autoload\\{closure}('D:\\\\XAMPP\\\\htdocs...')
#4 [internal function]: Composer\\Autoload\\ClassLoader->loadClass('Themes\\\\BC\\\\Theme...')
#5 D:\\XAMPP\\htdocs\\acute\\themes\\ThemeServiceProvider.php(78): class_exists('\\\\Themes\\\\BC\\\\Them...')
#6 D:\\XAMPP\\htdocs\\acute\\vendor\\laravel\\framework\\src\\Illuminate\\Foundation\\Application.php(792): Themes\\ThemeServiceProvider->register()
#7 D:\\XAMPP\\htdocs\\acute\\vendor\\laravel\\framework\\src\\Illuminate\\Foundation\\ProviderRepository.php(75): Illuminate\\Foundation\\Application->register(Object(Themes\\ThemeServiceProvider))
#8 D:\\XAMPP\\htdocs\\acute\\vendor\\laravel\\framework\\src\\Illuminate\\Foundation\\Application.php(769): Illuminate\\Foundation\\ProviderRepository->load(Array)
#9 D:\\XAMPP\\htdocs\\acute\\vendor\\laravel\\framework\\src\\Illuminate\\Foundation\\Bootstrap\\RegisterProviders.php(17): Illuminate\\Foundation\\Application->registerConfiguredProviders()
#10 D:\\XAMPP\\htdocs\\acute\\vendor\\laravel\\framework\\src\\Illuminate\\Foundation\\Application.php(263): Illuminate\\Foundation\\Bootstrap\\RegisterProviders->bootstrap(Object(Illuminate\\Foundation\\Application))
#11 D:\\XAMPP\\htdocs\\acute\\vendor\\laravel\\framework\\src\\Illuminate\\Foundation\\Console\\Kernel.php(447): Illuminate\\Foundation\\Application->bootstrapWith(Array)
#12 D:\\XAMPP\\htdocs\\acute\\vendor\\laravel\\framework\\src\\Illuminate\\Foundation\\Console\\Kernel.php(199): Illuminate\\Foundation\\Console\\Kernel->bootstrap()
#13 Command line code(1): Illuminate\\Foundation\\Console\\Kernel->handle(Object(Symfony\\Component\\Console\\Input\\ArgvInput), Object(Symfony\\Component\\Console\\Output\\ConsoleOutput))
#14 {main}
"} 
[2025-03-07 07:59:49] production.ERROR: include(D:\XAMPP\htdocs\acute\vendor\composer/../../themes/BC/ThemeProvider.php): Failed to open stream: No such file or directory {"exception":"[object] (ErrorException(code: 0): include(D:\\XAMPP\\htdocs\\acute\\vendor\\composer/../../themes/BC/ThemeProvider.php): Failed to open stream: No such file or directory at D:\\XAMPP\\htdocs\\acute\\vendor\\composer\\ClassLoader.php:576)
[stacktrace]
#0 D:\\XAMPP\\htdocs\\acute\\vendor\\laravel\\framework\\src\\Illuminate\\Foundation\\Bootstrap\\HandleExceptions.php(255): Illuminate\\Foundation\\Bootstrap\\HandleExceptions->handleError(2, 'include(D:\\\\XAMP...', 'D:\\\\XAMPP\\\\htdocs...', 576)
#1 D:\\XAMPP\\htdocs\\acute\\vendor\\composer\\ClassLoader.php(576): Illuminate\\Foundation\\Bootstrap\\HandleExceptions->Illuminate\\Foundation\\Bootstrap\\{closure}(2, 'include(D:\\\\XAMP...', 'D:\\\\XAMPP\\\\htdocs...', 576)
#2 D:\\XAMPP\\htdocs\\acute\\vendor\\composer\\ClassLoader.php(576): include('D:\\\\XAMPP\\\\htdocs...')
#3 D:\\XAMPP\\htdocs\\acute\\vendor\\composer\\ClassLoader.php(427): Composer\\Autoload\\{closure}('D:\\\\XAMPP\\\\htdocs...')
#4 [internal function]: Composer\\Autoload\\ClassLoader->loadClass('Themes\\\\BC\\\\Theme...')
#5 D:\\XAMPP\\htdocs\\acute\\themes\\ThemeServiceProvider.php(78): class_exists('\\\\Themes\\\\BC\\\\Them...')
#6 D:\\XAMPP\\htdocs\\acute\\vendor\\laravel\\framework\\src\\Illuminate\\Foundation\\Application.php(792): Themes\\ThemeServiceProvider->register()
#7 D:\\XAMPP\\htdocs\\acute\\vendor\\laravel\\framework\\src\\Illuminate\\Foundation\\ProviderRepository.php(75): Illuminate\\Foundation\\Application->register(Object(Themes\\ThemeServiceProvider))
#8 D:\\XAMPP\\htdocs\\acute\\vendor\\laravel\\framework\\src\\Illuminate\\Foundation\\Application.php(769): Illuminate\\Foundation\\ProviderRepository->load(Array)
#9 D:\\XAMPP\\htdocs\\acute\\vendor\\laravel\\framework\\src\\Illuminate\\Foundation\\Bootstrap\\RegisterProviders.php(17): Illuminate\\Foundation\\Application->registerConfiguredProviders()
#10 D:\\XAMPP\\htdocs\\acute\\vendor\\laravel\\framework\\src\\Illuminate\\Foundation\\Application.php(263): Illuminate\\Foundation\\Bootstrap\\RegisterProviders->bootstrap(Object(Illuminate\\Foundation\\Application))
#11 D:\\XAMPP\\htdocs\\acute\\vendor\\laravel\\framework\\src\\Illuminate\\Foundation\\Console\\Kernel.php(447): Illuminate\\Foundation\\Application->bootstrapWith(Array)
#12 D:\\XAMPP\\htdocs\\acute\\vendor\\laravel\\framework\\src\\Illuminate\\Foundation\\Console\\Kernel.php(199): Illuminate\\Foundation\\Console\\Kernel->bootstrap()
#13 Command line code(1): Illuminate\\Foundation\\Console\\Kernel->handle(Object(Symfony\\Component\\Console\\Input\\ArgvInput), Object(Symfony\\Component\\Console\\Output\\ConsoleOutput))
#14 {main}
"} 
[2025-03-07 07:59:49] production.ERROR: include(D:\XAMPP\htdocs\acute\vendor\composer/../../themes/BC/ThemeProvider.php): Failed to open stream: No such file or directory {"exception":"[object] (ErrorException(code: 0): include(D:\\XAMPP\\htdocs\\acute\\vendor\\composer/../../themes/BC/ThemeProvider.php): Failed to open stream: No such file or directory at D:\\XAMPP\\htdocs\\acute\\vendor\\composer\\ClassLoader.php:576)
[stacktrace]
#0 D:\\XAMPP\\htdocs\\acute\\vendor\\laravel\\framework\\src\\Illuminate\\Foundation\\Bootstrap\\HandleExceptions.php(255): Illuminate\\Foundation\\Bootstrap\\HandleExceptions->handleError(2, 'include(D:\\\\XAMP...', 'D:\\\\XAMPP\\\\htdocs...', 576)
#1 D:\\XAMPP\\htdocs\\acute\\vendor\\composer\\ClassLoader.php(576): Illuminate\\Foundation\\Bootstrap\\HandleExceptions->Illuminate\\Foundation\\Bootstrap\\{closure}(2, 'include(D:\\\\XAMP...', 'D:\\\\XAMPP\\\\htdocs...', 576)
#2 D:\\XAMPP\\htdocs\\acute\\vendor\\composer\\ClassLoader.php(576): include('D:\\\\XAMPP\\\\htdocs...')
#3 D:\\XAMPP\\htdocs\\acute\\vendor\\composer\\ClassLoader.php(427): Composer\\Autoload\\{closure}('D:\\\\XAMPP\\\\htdocs...')
#4 [internal function]: Composer\\Autoload\\ClassLoader->loadClass('Themes\\\\BC\\\\Theme...')
#5 D:\\XAMPP\\htdocs\\acute\\themes\\ThemeServiceProvider.php(78): class_exists('\\\\Themes\\\\BC\\\\Them...')
#6 D:\\XAMPP\\htdocs\\acute\\vendor\\laravel\\framework\\src\\Illuminate\\Foundation\\Application.php(792): Themes\\ThemeServiceProvider->register()
#7 D:\\XAMPP\\htdocs\\acute\\vendor\\laravel\\framework\\src\\Illuminate\\Foundation\\ProviderRepository.php(75): Illuminate\\Foundation\\Application->register(Object(Themes\\ThemeServiceProvider))
#8 D:\\XAMPP\\htdocs\\acute\\vendor\\laravel\\framework\\src\\Illuminate\\Foundation\\Application.php(769): Illuminate\\Foundation\\ProviderRepository->load(Array)
#9 D:\\XAMPP\\htdocs\\acute\\vendor\\laravel\\framework\\src\\Illuminate\\Foundation\\Bootstrap\\RegisterProviders.php(17): Illuminate\\Foundation\\Application->registerConfiguredProviders()
#10 D:\\XAMPP\\htdocs\\acute\\vendor\\laravel\\framework\\src\\Illuminate\\Foundation\\Application.php(263): Illuminate\\Foundation\\Bootstrap\\RegisterProviders->bootstrap(Object(Illuminate\\Foundation\\Application))
#11 D:\\XAMPP\\htdocs\\acute\\vendor\\laravel\\framework\\src\\Illuminate\\Foundation\\Console\\Kernel.php(447): Illuminate\\Foundation\\Application->bootstrapWith(Array)
#12 D:\\XAMPP\\htdocs\\acute\\vendor\\laravel\\framework\\src\\Illuminate\\Foundation\\Console\\Kernel.php(199): Illuminate\\Foundation\\Console\\Kernel->bootstrap()
#13 Command line code(1): Illuminate\\Foundation\\Console\\Kernel->handle(Object(Symfony\\Component\\Console\\Input\\ArgvInput), Object(Symfony\\Component\\Console\\Output\\ConsoleOutput))
#14 {main}
"} 
[2025-03-07 07:59:49] production.ERROR: include(D:\XAMPP\htdocs\acute\vendor\composer/../../themes/BC/ThemeProvider.php): Failed to open stream: No such file or directory {"exception":"[object] (ErrorException(code: 0): include(D:\\XAMPP\\htdocs\\acute\\vendor\\composer/../../themes/BC/ThemeProvider.php): Failed to open stream: No such file or directory at D:\\XAMPP\\htdocs\\acute\\vendor\\composer\\ClassLoader.php:576)
[stacktrace]
#0 D:\\XAMPP\\htdocs\\acute\\vendor\\laravel\\framework\\src\\Illuminate\\Foundation\\Bootstrap\\HandleExceptions.php(255): Illuminate\\Foundation\\Bootstrap\\HandleExceptions->handleError(2, 'include(D:\\\\XAMP...', 'D:\\\\XAMPP\\\\htdocs...', 576)
#1 D:\\XAMPP\\htdocs\\acute\\vendor\\composer\\ClassLoader.php(576): Illuminate\\Foundation\\Bootstrap\\HandleExceptions->Illuminate\\Foundation\\Bootstrap\\{closure}(2, 'include(D:\\\\XAMP...', 'D:\\\\XAMPP\\\\htdocs...', 576)
#2 D:\\XAMPP\\htdocs\\acute\\vendor\\composer\\ClassLoader.php(576): include('D:\\\\XAMPP\\\\htdocs...')
#3 D:\\XAMPP\\htdocs\\acute\\vendor\\composer\\ClassLoader.php(427): Composer\\Autoload\\{closure}('D:\\\\XAMPP\\\\htdocs...')
#4 [internal function]: Composer\\Autoload\\ClassLoader->loadClass('Themes\\\\BC\\\\Theme...')
#5 D:\\XAMPP\\htdocs\\acute\\themes\\ThemeServiceProvider.php(78): class_exists('\\\\Themes\\\\BC\\\\Them...')
#6 D:\\XAMPP\\htdocs\\acute\\vendor\\laravel\\framework\\src\\Illuminate\\Foundation\\Application.php(792): Themes\\ThemeServiceProvider->register()
#7 D:\\XAMPP\\htdocs\\acute\\vendor\\laravel\\framework\\src\\Illuminate\\Foundation\\ProviderRepository.php(75): Illuminate\\Foundation\\Application->register(Object(Themes\\ThemeServiceProvider))
#8 D:\\XAMPP\\htdocs\\acute\\vendor\\laravel\\framework\\src\\Illuminate\\Foundation\\Application.php(769): Illuminate\\Foundation\\ProviderRepository->load(Array)
#9 D:\\XAMPP\\htdocs\\acute\\vendor\\laravel\\framework\\src\\Illuminate\\Foundation\\Bootstrap\\RegisterProviders.php(17): Illuminate\\Foundation\\Application->registerConfiguredProviders()
#10 D:\\XAMPP\\htdocs\\acute\\vendor\\laravel\\framework\\src\\Illuminate\\Foundation\\Application.php(263): Illuminate\\Foundation\\Bootstrap\\RegisterProviders->bootstrap(Object(Illuminate\\Foundation\\Application))
#11 D:\\XAMPP\\htdocs\\acute\\vendor\\laravel\\framework\\src\\Illuminate\\Foundation\\Console\\Kernel.php(447): Illuminate\\Foundation\\Application->bootstrapWith(Array)
#12 D:\\XAMPP\\htdocs\\acute\\vendor\\laravel\\framework\\src\\Illuminate\\Foundation\\Console\\Kernel.php(199): Illuminate\\Foundation\\Console\\Kernel->bootstrap()
#13 Command line code(1): Illuminate\\Foundation\\Console\\Kernel->handle(Object(Symfony\\Component\\Console\\Input\\ArgvInput), Object(Symfony\\Component\\Console\\Output\\ConsoleOutput))
#14 {main}
"} 
[2025-03-07 07:59:49] production.ERROR: include(D:\XAMPP\htdocs\acute\vendor\composer/../../themes/BC/ThemeProvider.php): Failed to open stream: No such file or directory {"exception":"[object] (ErrorException(code: 0): include(D:\\XAMPP\\htdocs\\acute\\vendor\\composer/../../themes/BC/ThemeProvider.php): Failed to open stream: No such file or directory at D:\\XAMPP\\htdocs\\acute\\vendor\\composer\\ClassLoader.php:576)
[stacktrace]
#0 D:\\XAMPP\\htdocs\\acute\\vendor\\laravel\\framework\\src\\Illuminate\\Foundation\\Bootstrap\\HandleExceptions.php(255): Illuminate\\Foundation\\Bootstrap\\HandleExceptions->handleError(2, 'include(D:\\\\XAMP...', 'D:\\\\XAMPP\\\\htdocs...', 576)
#1 D:\\XAMPP\\htdocs\\acute\\vendor\\composer\\ClassLoader.php(576): Illuminate\\Foundation\\Bootstrap\\HandleExceptions->Illuminate\\Foundation\\Bootstrap\\{closure}(2, 'include(D:\\\\XAMP...', 'D:\\\\XAMPP\\\\htdocs...', 576)
#2 D:\\XAMPP\\htdocs\\acute\\vendor\\composer\\ClassLoader.php(576): include('D:\\\\XAMPP\\\\htdocs...')
#3 D:\\XAMPP\\htdocs\\acute\\vendor\\composer\\ClassLoader.php(427): Composer\\Autoload\\{closure}('D:\\\\XAMPP\\\\htdocs...')
#4 [internal function]: Composer\\Autoload\\ClassLoader->loadClass('Themes\\\\BC\\\\Theme...')
#5 D:\\XAMPP\\htdocs\\acute\\themes\\ThemeServiceProvider.php(78): class_exists('\\\\Themes\\\\BC\\\\Them...')
#6 D:\\XAMPP\\htdocs\\acute\\vendor\\laravel\\framework\\src\\Illuminate\\Foundation\\Application.php(792): Themes\\ThemeServiceProvider->register()
#7 D:\\XAMPP\\htdocs\\acute\\vendor\\laravel\\framework\\src\\Illuminate\\Foundation\\ProviderRepository.php(75): Illuminate\\Foundation\\Application->register(Object(Themes\\ThemeServiceProvider))
#8 D:\\XAMPP\\htdocs\\acute\\vendor\\laravel\\framework\\src\\Illuminate\\Foundation\\Application.php(769): Illuminate\\Foundation\\ProviderRepository->load(Array)
#9 D:\\XAMPP\\htdocs\\acute\\vendor\\laravel\\framework\\src\\Illuminate\\Foundation\\Bootstrap\\RegisterProviders.php(17): Illuminate\\Foundation\\Application->registerConfiguredProviders()
#10 D:\\XAMPP\\htdocs\\acute\\vendor\\laravel\\framework\\src\\Illuminate\\Foundation\\Application.php(263): Illuminate\\Foundation\\Bootstrap\\RegisterProviders->bootstrap(Object(Illuminate\\Foundation\\Application))
#11 D:\\XAMPP\\htdocs\\acute\\vendor\\laravel\\framework\\src\\Illuminate\\Foundation\\Console\\Kernel.php(447): Illuminate\\Foundation\\Application->bootstrapWith(Array)
#12 D:\\XAMPP\\htdocs\\acute\\vendor\\laravel\\framework\\src\\Illuminate\\Foundation\\Console\\Kernel.php(199): Illuminate\\Foundation\\Console\\Kernel->bootstrap()
#13 Command line code(1): Illuminate\\Foundation\\Console\\Kernel->handle(Object(Symfony\\Component\\Console\\Input\\ArgvInput), Object(Symfony\\Component\\Console\\Output\\ConsoleOutput))
#14 {main}
"} 
[2025-03-07 08:00:48] production.ERROR: include(D:\XAMPP\htdocs\acute\vendor\composer/../../themes/BC/ThemeProvider.php): Failed to open stream: No such file or directory {"exception":"[object] (ErrorException(code: 0): include(D:\\XAMPP\\htdocs\\acute\\vendor\\composer/../../themes/BC/ThemeProvider.php): Failed to open stream: No such file or directory at D:\\XAMPP\\htdocs\\acute\\vendor\\composer\\ClassLoader.php:576)
[stacktrace]
#0 D:\\XAMPP\\htdocs\\acute\\vendor\\laravel\\framework\\src\\Illuminate\\Foundation\\Bootstrap\\HandleExceptions.php(255): Illuminate\\Foundation\\Bootstrap\\HandleExceptions->handleError(2, 'include(D:\\\\XAMP...', 'D:\\\\XAMPP\\\\htdocs...', 576)
#1 D:\\XAMPP\\htdocs\\acute\\vendor\\composer\\ClassLoader.php(576): Illuminate\\Foundation\\Bootstrap\\HandleExceptions->Illuminate\\Foundation\\Bootstrap\\{closure}(2, 'include(D:\\\\XAMP...', 'D:\\\\XAMPP\\\\htdocs...', 576)
#2 D:\\XAMPP\\htdocs\\acute\\vendor\\composer\\ClassLoader.php(576): include('D:\\\\XAMPP\\\\htdocs...')
#3 D:\\XAMPP\\htdocs\\acute\\vendor\\composer\\ClassLoader.php(427): Composer\\Autoload\\{closure}('D:\\\\XAMPP\\\\htdocs...')
#4 [internal function]: Composer\\Autoload\\ClassLoader->loadClass('Themes\\\\BC\\\\Theme...')
#5 D:\\XAMPP\\htdocs\\acute\\themes\\ThemeServiceProvider.php(78): class_exists('\\\\Themes\\\\BC\\\\Them...')
#6 D:\\XAMPP\\htdocs\\acute\\vendor\\laravel\\framework\\src\\Illuminate\\Foundation\\Application.php(792): Themes\\ThemeServiceProvider->register()
#7 D:\\XAMPP\\htdocs\\acute\\vendor\\laravel\\framework\\src\\Illuminate\\Foundation\\ProviderRepository.php(75): Illuminate\\Foundation\\Application->register(Object(Themes\\ThemeServiceProvider))
#8 D:\\XAMPP\\htdocs\\acute\\vendor\\laravel\\framework\\src\\Illuminate\\Foundation\\Application.php(769): Illuminate\\Foundation\\ProviderRepository->load(Array)
#9 D:\\XAMPP\\htdocs\\acute\\vendor\\laravel\\framework\\src\\Illuminate\\Foundation\\Bootstrap\\RegisterProviders.php(17): Illuminate\\Foundation\\Application->registerConfiguredProviders()
#10 D:\\XAMPP\\htdocs\\acute\\vendor\\laravel\\framework\\src\\Illuminate\\Foundation\\Application.php(263): Illuminate\\Foundation\\Bootstrap\\RegisterProviders->bootstrap(Object(Illuminate\\Foundation\\Application))
#11 D:\\XAMPP\\htdocs\\acute\\vendor\\laravel\\framework\\src\\Illuminate\\Foundation\\Console\\Kernel.php(447): Illuminate\\Foundation\\Application->bootstrapWith(Array)
#12 D:\\XAMPP\\htdocs\\acute\\vendor\\laravel\\framework\\src\\Illuminate\\Foundation\\Console\\Kernel.php(199): Illuminate\\Foundation\\Console\\Kernel->bootstrap()
#13 Command line code(1): Illuminate\\Foundation\\Console\\Kernel->handle(Object(Symfony\\Component\\Console\\Input\\ArgvInput), Object(Symfony\\Component\\Console\\Output\\ConsoleOutput))
#14 {main}
"} 
[2025-03-07 08:00:48] production.ERROR: include(D:\XAMPP\htdocs\acute\vendor\composer/../../themes/BC/ThemeProvider.php): Failed to open stream: No such file or directory {"exception":"[object] (ErrorException(code: 0): include(D:\\XAMPP\\htdocs\\acute\\vendor\\composer/../../themes/BC/ThemeProvider.php): Failed to open stream: No such file or directory at D:\\XAMPP\\htdocs\\acute\\vendor\\composer\\ClassLoader.php:576)
[stacktrace]
#0 D:\\XAMPP\\htdocs\\acute\\vendor\\laravel\\framework\\src\\Illuminate\\Foundation\\Bootstrap\\HandleExceptions.php(255): Illuminate\\Foundation\\Bootstrap\\HandleExceptions->handleError(2, 'include(D:\\\\XAMP...', 'D:\\\\XAMPP\\\\htdocs...', 576)
#1 D:\\XAMPP\\htdocs\\acute\\vendor\\composer\\ClassLoader.php(576): Illuminate\\Foundation\\Bootstrap\\HandleExceptions->Illuminate\\Foundation\\Bootstrap\\{closure}(2, 'include(D:\\\\XAMP...', 'D:\\\\XAMPP\\\\htdocs...', 576)
#2 D:\\XAMPP\\htdocs\\acute\\vendor\\composer\\ClassLoader.php(576): include('D:\\\\XAMPP\\\\htdocs...')
#3 D:\\XAMPP\\htdocs\\acute\\vendor\\composer\\ClassLoader.php(427): Composer\\Autoload\\{closure}('D:\\\\XAMPP\\\\htdocs...')
#4 [internal function]: Composer\\Autoload\\ClassLoader->loadClass('Themes\\\\BC\\\\Theme...')
#5 D:\\XAMPP\\htdocs\\acute\\themes\\ThemeServiceProvider.php(78): class_exists('\\\\Themes\\\\BC\\\\Them...')
#6 D:\\XAMPP\\htdocs\\acute\\vendor\\laravel\\framework\\src\\Illuminate\\Foundation\\Application.php(792): Themes\\ThemeServiceProvider->register()
#7 D:\\XAMPP\\htdocs\\acute\\vendor\\laravel\\framework\\src\\Illuminate\\Foundation\\ProviderRepository.php(75): Illuminate\\Foundation\\Application->register(Object(Themes\\ThemeServiceProvider))
#8 D:\\XAMPP\\htdocs\\acute\\vendor\\laravel\\framework\\src\\Illuminate\\Foundation\\Application.php(769): Illuminate\\Foundation\\ProviderRepository->load(Array)
#9 D:\\XAMPP\\htdocs\\acute\\vendor\\laravel\\framework\\src\\Illuminate\\Foundation\\Bootstrap\\RegisterProviders.php(17): Illuminate\\Foundation\\Application->registerConfiguredProviders()
#10 D:\\XAMPP\\htdocs\\acute\\vendor\\laravel\\framework\\src\\Illuminate\\Foundation\\Application.php(263): Illuminate\\Foundation\\Bootstrap\\RegisterProviders->bootstrap(Object(Illuminate\\Foundation\\Application))
#11 D:\\XAMPP\\htdocs\\acute\\vendor\\laravel\\framework\\src\\Illuminate\\Foundation\\Console\\Kernel.php(447): Illuminate\\Foundation\\Application->bootstrapWith(Array)
#12 D:\\XAMPP\\htdocs\\acute\\vendor\\laravel\\framework\\src\\Illuminate\\Foundation\\Console\\Kernel.php(199): Illuminate\\Foundation\\Console\\Kernel->bootstrap()
#13 Command line code(1): Illuminate\\Foundation\\Console\\Kernel->handle(Object(Symfony\\Component\\Console\\Input\\ArgvInput), Object(Symfony\\Component\\Console\\Output\\ConsoleOutput))
#14 {main}
"} 
[2025-03-07 08:01:48] production.ERROR: include(D:\XAMPP\htdocs\acute\vendor\composer/../../themes/BC/ThemeProvider.php): Failed to open stream: No such file or directory {"exception":"[object] (ErrorException(code: 0): include(D:\\XAMPP\\htdocs\\acute\\vendor\\composer/../../themes/BC/ThemeProvider.php): Failed to open stream: No such file or directory at D:\\XAMPP\\htdocs\\acute\\vendor\\composer\\ClassLoader.php:576)
[stacktrace]
#0 D:\\XAMPP\\htdocs\\acute\\vendor\\laravel\\framework\\src\\Illuminate\\Foundation\\Bootstrap\\HandleExceptions.php(255): Illuminate\\Foundation\\Bootstrap\\HandleExceptions->handleError(2, 'include(D:\\\\XAMP...', 'D:\\\\XAMPP\\\\htdocs...', 576)
#1 D:\\XAMPP\\htdocs\\acute\\vendor\\composer\\ClassLoader.php(576): Illuminate\\Foundation\\Bootstrap\\HandleExceptions->Illuminate\\Foundation\\Bootstrap\\{closure}(2, 'include(D:\\\\XAMP...', 'D:\\\\XAMPP\\\\htdocs...', 576)
#2 D:\\XAMPP\\htdocs\\acute\\vendor\\composer\\ClassLoader.php(576): include('D:\\\\XAMPP\\\\htdocs...')
#3 D:\\XAMPP\\htdocs\\acute\\vendor\\composer\\ClassLoader.php(427): Composer\\Autoload\\{closure}('D:\\\\XAMPP\\\\htdocs...')
#4 [internal function]: Composer\\Autoload\\ClassLoader->loadClass('Themes\\\\BC\\\\Theme...')
#5 D:\\XAMPP\\htdocs\\acute\\themes\\ThemeServiceProvider.php(78): class_exists('\\\\Themes\\\\BC\\\\Them...')
#6 D:\\XAMPP\\htdocs\\acute\\vendor\\laravel\\framework\\src\\Illuminate\\Foundation\\Application.php(792): Themes\\ThemeServiceProvider->register()
#7 D:\\XAMPP\\htdocs\\acute\\vendor\\laravel\\framework\\src\\Illuminate\\Foundation\\ProviderRepository.php(75): Illuminate\\Foundation\\Application->register(Object(Themes\\ThemeServiceProvider))
#8 D:\\XAMPP\\htdocs\\acute\\vendor\\laravel\\framework\\src\\Illuminate\\Foundation\\Application.php(769): Illuminate\\Foundation\\ProviderRepository->load(Array)
#9 D:\\XAMPP\\htdocs\\acute\\vendor\\laravel\\framework\\src\\Illuminate\\Foundation\\Bootstrap\\RegisterProviders.php(17): Illuminate\\Foundation\\Application->registerConfiguredProviders()
#10 D:\\XAMPP\\htdocs\\acute\\vendor\\laravel\\framework\\src\\Illuminate\\Foundation\\Application.php(263): Illuminate\\Foundation\\Bootstrap\\RegisterProviders->bootstrap(Object(Illuminate\\Foundation\\Application))
#11 D:\\XAMPP\\htdocs\\acute\\vendor\\laravel\\framework\\src\\Illuminate\\Foundation\\Console\\Kernel.php(447): Illuminate\\Foundation\\Application->bootstrapWith(Array)
#12 D:\\XAMPP\\htdocs\\acute\\vendor\\laravel\\framework\\src\\Illuminate\\Foundation\\Console\\Kernel.php(199): Illuminate\\Foundation\\Console\\Kernel->bootstrap()
#13 Command line code(1): Illuminate\\Foundation\\Console\\Kernel->handle(Object(Symfony\\Component\\Console\\Input\\ArgvInput), Object(Symfony\\Component\\Console\\Output\\ConsoleOutput))
#14 {main}
"} 
[2025-03-07 08:01:48] production.ERROR: include(D:\XAMPP\htdocs\acute\vendor\composer/../../themes/BC/ThemeProvider.php): Failed to open stream: No such file or directory {"exception":"[object] (ErrorException(code: 0): include(D:\\XAMPP\\htdocs\\acute\\vendor\\composer/../../themes/BC/ThemeProvider.php): Failed to open stream: No such file or directory at D:\\XAMPP\\htdocs\\acute\\vendor\\composer\\ClassLoader.php:576)
[stacktrace]
#0 D:\\XAMPP\\htdocs\\acute\\vendor\\laravel\\framework\\src\\Illuminate\\Foundation\\Bootstrap\\HandleExceptions.php(255): Illuminate\\Foundation\\Bootstrap\\HandleExceptions->handleError(2, 'include(D:\\\\XAMP...', 'D:\\\\XAMPP\\\\htdocs...', 576)
#1 D:\\XAMPP\\htdocs\\acute\\vendor\\composer\\ClassLoader.php(576): Illuminate\\Foundation\\Bootstrap\\HandleExceptions->Illuminate\\Foundation\\Bootstrap\\{closure}(2, 'include(D:\\\\XAMP...', 'D:\\\\XAMPP\\\\htdocs...', 576)
#2 D:\\XAMPP\\htdocs\\acute\\vendor\\composer\\ClassLoader.php(576): include('D:\\\\XAMPP\\\\htdocs...')
#3 D:\\XAMPP\\htdocs\\acute\\vendor\\composer\\ClassLoader.php(427): Composer\\Autoload\\{closure}('D:\\\\XAMPP\\\\htdocs...')
#4 [internal function]: Composer\\Autoload\\ClassLoader->loadClass('Themes\\\\BC\\\\Theme...')
#5 D:\\XAMPP\\htdocs\\acute\\themes\\ThemeServiceProvider.php(78): class_exists('\\\\Themes\\\\BC\\\\Them...')
#6 D:\\XAMPP\\htdocs\\acute\\vendor\\laravel\\framework\\src\\Illuminate\\Foundation\\Application.php(792): Themes\\ThemeServiceProvider->register()
#7 D:\\XAMPP\\htdocs\\acute\\vendor\\laravel\\framework\\src\\Illuminate\\Foundation\\ProviderRepository.php(75): Illuminate\\Foundation\\Application->register(Object(Themes\\ThemeServiceProvider))
#8 D:\\XAMPP\\htdocs\\acute\\vendor\\laravel\\framework\\src\\Illuminate\\Foundation\\Application.php(769): Illuminate\\Foundation\\ProviderRepository->load(Array)
#9 D:\\XAMPP\\htdocs\\acute\\vendor\\laravel\\framework\\src\\Illuminate\\Foundation\\Bootstrap\\RegisterProviders.php(17): Illuminate\\Foundation\\Application->registerConfiguredProviders()
#10 D:\\XAMPP\\htdocs\\acute\\vendor\\laravel\\framework\\src\\Illuminate\\Foundation\\Application.php(263): Illuminate\\Foundation\\Bootstrap\\RegisterProviders->bootstrap(Object(Illuminate\\Foundation\\Application))
#11 D:\\XAMPP\\htdocs\\acute\\vendor\\laravel\\framework\\src\\Illuminate\\Foundation\\Console\\Kernel.php(447): Illuminate\\Foundation\\Application->bootstrapWith(Array)
#12 D:\\XAMPP\\htdocs\\acute\\vendor\\laravel\\framework\\src\\Illuminate\\Foundation\\Console\\Kernel.php(199): Illuminate\\Foundation\\Console\\Kernel->bootstrap()
#13 Command line code(1): Illuminate\\Foundation\\Console\\Kernel->handle(Object(Symfony\\Component\\Console\\Input\\ArgvInput), Object(Symfony\\Component\\Console\\Output\\ConsoleOutput))
#14 {main}
"} 
[2025-03-07 08:02:48] production.ERROR: include(D:\XAMPP\htdocs\acute\vendor\composer/../../themes/BC/ThemeProvider.php): Failed to open stream: No such file or directory {"exception":"[object] (ErrorException(code: 0): include(D:\\XAMPP\\htdocs\\acute\\vendor\\composer/../../themes/BC/ThemeProvider.php): Failed to open stream: No such file or directory at D:\\XAMPP\\htdocs\\acute\\vendor\\composer\\ClassLoader.php:576)
[stacktrace]
#0 D:\\XAMPP\\htdocs\\acute\\vendor\\laravel\\framework\\src\\Illuminate\\Foundation\\Bootstrap\\HandleExceptions.php(255): Illuminate\\Foundation\\Bootstrap\\HandleExceptions->handleError(2, 'include(D:\\\\XAMP...', 'D:\\\\XAMPP\\\\htdocs...', 576)
#1 D:\\XAMPP\\htdocs\\acute\\vendor\\composer\\ClassLoader.php(576): Illuminate\\Foundation\\Bootstrap\\HandleExceptions->Illuminate\\Foundation\\Bootstrap\\{closure}(2, 'include(D:\\\\XAMP...', 'D:\\\\XAMPP\\\\htdocs...', 576)
#2 D:\\XAMPP\\htdocs\\acute\\vendor\\composer\\ClassLoader.php(576): include('D:\\\\XAMPP\\\\htdocs...')
#3 D:\\XAMPP\\htdocs\\acute\\vendor\\composer\\ClassLoader.php(427): Composer\\Autoload\\{closure}('D:\\\\XAMPP\\\\htdocs...')
#4 [internal function]: Composer\\Autoload\\ClassLoader->loadClass('Themes\\\\BC\\\\Theme...')
#5 D:\\XAMPP\\htdocs\\acute\\themes\\ThemeServiceProvider.php(78): class_exists('\\\\Themes\\\\BC\\\\Them...')
#6 D:\\XAMPP\\htdocs\\acute\\vendor\\laravel\\framework\\src\\Illuminate\\Foundation\\Application.php(792): Themes\\ThemeServiceProvider->register()
#7 D:\\XAMPP\\htdocs\\acute\\vendor\\laravel\\framework\\src\\Illuminate\\Foundation\\ProviderRepository.php(75): Illuminate\\Foundation\\Application->register(Object(Themes\\ThemeServiceProvider))
#8 D:\\XAMPP\\htdocs\\acute\\vendor\\laravel\\framework\\src\\Illuminate\\Foundation\\Application.php(769): Illuminate\\Foundation\\ProviderRepository->load(Array)
#9 D:\\XAMPP\\htdocs\\acute\\vendor\\laravel\\framework\\src\\Illuminate\\Foundation\\Bootstrap\\RegisterProviders.php(17): Illuminate\\Foundation\\Application->registerConfiguredProviders()
#10 D:\\XAMPP\\htdocs\\acute\\vendor\\laravel\\framework\\src\\Illuminate\\Foundation\\Application.php(263): Illuminate\\Foundation\\Bootstrap\\RegisterProviders->bootstrap(Object(Illuminate\\Foundation\\Application))
#11 D:\\XAMPP\\htdocs\\acute\\vendor\\laravel\\framework\\src\\Illuminate\\Foundation\\Console\\Kernel.php(447): Illuminate\\Foundation\\Application->bootstrapWith(Array)
#12 D:\\XAMPP\\htdocs\\acute\\vendor\\laravel\\framework\\src\\Illuminate\\Foundation\\Console\\Kernel.php(199): Illuminate\\Foundation\\Console\\Kernel->bootstrap()
#13 Command line code(1): Illuminate\\Foundation\\Console\\Kernel->handle(Object(Symfony\\Component\\Console\\Input\\ArgvInput), Object(Symfony\\Component\\Console\\Output\\ConsoleOutput))
#14 {main}
"} 
[2025-03-07 08:02:48] production.ERROR: include(D:\XAMPP\htdocs\acute\vendor\composer/../../themes/BC/ThemeProvider.php): Failed to open stream: No such file or directory {"exception":"[object] (ErrorException(code: 0): include(D:\\XAMPP\\htdocs\\acute\\vendor\\composer/../../themes/BC/ThemeProvider.php): Failed to open stream: No such file or directory at D:\\XAMPP\\htdocs\\acute\\vendor\\composer\\ClassLoader.php:576)
[stacktrace]
#0 D:\\XAMPP\\htdocs\\acute\\vendor\\laravel\\framework\\src\\Illuminate\\Foundation\\Bootstrap\\HandleExceptions.php(255): Illuminate\\Foundation\\Bootstrap\\HandleExceptions->handleError(2, 'include(D:\\\\XAMP...', 'D:\\\\XAMPP\\\\htdocs...', 576)
#1 D:\\XAMPP\\htdocs\\acute\\vendor\\composer\\ClassLoader.php(576): Illuminate\\Foundation\\Bootstrap\\HandleExceptions->Illuminate\\Foundation\\Bootstrap\\{closure}(2, 'include(D:\\\\XAMP...', 'D:\\\\XAMPP\\\\htdocs...', 576)
#2 D:\\XAMPP\\htdocs\\acute\\vendor\\composer\\ClassLoader.php(576): include('D:\\\\XAMPP\\\\htdocs...')
#3 D:\\XAMPP\\htdocs\\acute\\vendor\\composer\\ClassLoader.php(427): Composer\\Autoload\\{closure}('D:\\\\XAMPP\\\\htdocs...')
#4 [internal function]: Composer\\Autoload\\ClassLoader->loadClass('Themes\\\\BC\\\\Theme...')
#5 D:\\XAMPP\\htdocs\\acute\\themes\\ThemeServiceProvider.php(78): class_exists('\\\\Themes\\\\BC\\\\Them...')
#6 D:\\XAMPP\\htdocs\\acute\\vendor\\laravel\\framework\\src\\Illuminate\\Foundation\\Application.php(792): Themes\\ThemeServiceProvider->register()
#7 D:\\XAMPP\\htdocs\\acute\\vendor\\laravel\\framework\\src\\Illuminate\\Foundation\\ProviderRepository.php(75): Illuminate\\Foundation\\Application->register(Object(Themes\\ThemeServiceProvider))
#8 D:\\XAMPP\\htdocs\\acute\\vendor\\laravel\\framework\\src\\Illuminate\\Foundation\\Application.php(769): Illuminate\\Foundation\\ProviderRepository->load(Array)
#9 D:\\XAMPP\\htdocs\\acute\\vendor\\laravel\\framework\\src\\Illuminate\\Foundation\\Bootstrap\\RegisterProviders.php(17): Illuminate\\Foundation\\Application->registerConfiguredProviders()
#10 D:\\XAMPP\\htdocs\\acute\\vendor\\laravel\\framework\\src\\Illuminate\\Foundation\\Application.php(263): Illuminate\\Foundation\\Bootstrap\\RegisterProviders->bootstrap(Object(Illuminate\\Foundation\\Application))
#11 D:\\XAMPP\\htdocs\\acute\\vendor\\laravel\\framework\\src\\Illuminate\\Foundation\\Console\\Kernel.php(447): Illuminate\\Foundation\\Application->bootstrapWith(Array)
#12 D:\\XAMPP\\htdocs\\acute\\vendor\\laravel\\framework\\src\\Illuminate\\Foundation\\Console\\Kernel.php(199): Illuminate\\Foundation\\Console\\Kernel->bootstrap()
#13 Command line code(1): Illuminate\\Foundation\\Console\\Kernel->handle(Object(Symfony\\Component\\Console\\Input\\ArgvInput), Object(Symfony\\Component\\Console\\Output\\ConsoleOutput))
#14 {main}
"} 
